e:\project\framework\kinect\kinectwapper\kinectwrapper\kinectwrapper\release\kinectwrapper.pch
e:\project\framework\kinect\kinectwapper\kinectwrapper\kinectwrapper\release\vc120.pdb
e:\project\framework\kinect\kinectwapper\kinectwrapper\kinectwrapper\release\stdafx.obj
e:\project\framework\kinect\kinectwapper\kinectwrapper\kinectwrapper\release\dllmain.obj
e:\project\framework\kinect\kinectwapper\kinectwrapper\kinectwrapper\release\.netframework,version=v4.0.assemblyattributes.obj
e:\project\framework\kinect\kinectwapper\kinectwrapper\kinectwrapper\release\vgbreader.obj
e:\project\framework\kinect\kinectwapper\kinectwrapper\kinectwrapper\release\hdfacereader.obj
e:\project\framework\kinect\kinectwapper\kinectwrapper\kinectwrapper\release\reader.obj
e:\project\framework\kinect\kinectwapper\kinectwrapper\kinectwrapper\release\multisourcereader.obj
e:\project\framework\kinect\kinectwapper\kinectwrapper\kinectwrapper\release\longexposureinfraredreader.obj
e:\project\framework\kinect\kinectwapper\kinectwrapper\kinectwrapper\release\infraredreader.obj
e:\project\framework\kinect\kinectwapper\kinectwrapper\kinectwrapper\release\facereader.obj
e:\project\framework\kinect\kinectwapper\kinectwrapper\kinectwrapper\release\depthreader.obj
e:\project\framework\kinect\kinectwapper\kinectwrapper\kinectwrapper\release\colorreader.obj
e:\project\framework\kinect\kinectwapper\kinectwrapper\kinectwrapper\release\bodyreader.obj
e:\project\framework\kinect\kinectwapper\kinectwrapper\kinectwrapper\release\bodyindexreader.obj
e:\project\framework\kinect\kinectwapper\kinectwrapper\kinectwrapper\release\audioreader.obj
e:\project\framework\kinect\kinectwapper\kinectwrapper\kinectwrapper\release\readerex.obj
e:\project\framework\kinect\kinectwapper\kinectwrapper\kinectwrapper\release\kinectwrapper.obj
e:\project\framework\kinect\kinectwapper\kinectwrapper\kinectwrapper\release\kinectdata.obj
e:\project\framework\kinect\kinectwapper\kinectwrapper\release\kinectwrapper.lib
e:\project\framework\kinect\kinectwapper\kinectwrapper\release\kinectwrapper.exp
e:\project\framework\kinect\kinectwapper\kinectwrapper\release\kinectwrapper.dll
e:\project\framework\kinect\kinectwapper\kinectwrapper\release\kinectwrapper.pdb
e:\project\framework\kinect\kinectwapper\kinectwrapper\kinectwrapper\release\kinectwrapper.vcxprojresolveassemblyreference.cache
e:\project\framework\kinect\kinectwapper\kinectwrapper\kinectwrapper\release\kinectwrapper.tlog\cl.command.1.tlog
e:\project\framework\kinect\kinectwapper\kinectwrapper\kinectwrapper\release\kinectwrapper.tlog\cl.read.1.tlog
e:\project\framework\kinect\kinectwapper\kinectwrapper\kinectwrapper\release\kinectwrapper.tlog\cl.write.1.tlog
e:\project\framework\kinect\kinectwapper\kinectwrapper\kinectwrapper\release\kinectwrapper.tlog\kinectwrapper.write.1u.tlog
e:\project\framework\kinect\kinectwapper\kinectwrapper\kinectwrapper\release\kinectwrapper.tlog\link.command.1.tlog
e:\project\framework\kinect\kinectwapper\kinectwrapper\kinectwrapper\release\kinectwrapper.tlog\link.read.1.tlog
e:\project\framework\kinect\kinectwapper\kinectwrapper\kinectwrapper\release\kinectwrapper.tlog\link.write.1.tlog
e:\project\framework\kinect\kinectwapper\kinectwrapper\kinectwrapper\release\kinectwrapper.tlog\metagen.read.1.tlog
e:\project\framework\kinect\kinectwapper\kinectwrapper\kinectwrapper\release\kinectwrapper.tlog\metagen.write.1.tlog
e:\project\framework\kinect\kinectwapper\kinectwrapper\kinectwrapper\release\kinectwrapper.tlog\tzres.dll.bi
